INFO: pocketsphinx.c(145): Parsed model-specific feature parameters from /home/dattr/Desktop/project2/model/en-us/feat.params
Current configuration:
[NAME]			[DEFLT]		[VALUE]
-agc			none		none
-agcthresh		2.0		2.000000e+00
-allphone				
-allphone_ci		no		no
-alpha			0.97		9.700000e-01
-ascale			20.0		2.000000e+01
-aw			1		1
-backtrace		no		yes
-beam			1e-48		1.000000e-48
-bestpath		yes		yes
-bestpathlw		9.5		9.500000e+00
-ceplen			13		13
-cmn			current		live
-cmninit		8.0		41.00,-5.29,-0.12,5.09,2.48,-4.07,-1.37,-1.78,-5.08,-2.05,-6.45,-1.42,1.17
-compallsen		no		no
-debug					0
-dict					/home/dattr/Desktop/project2/model/en-us/cmudict-en-us.dict
-dictcase		no		no
-dither			no		no
-doublebw		no		no
-ds			1		1
-fdict					/home/dattr/Desktop/project2/model/en-us/noisedict
-feat			1s_c_d_dd	1s_c_d_dd
-featparams				/home/dattr/Desktop/project2/model/en-us/feat.params
-fillprob		1e-8		1.000000e-08
-frate			100		100
-fsg					
-fsgusealtpron		yes		yes
-fsgusefiller		yes		yes
-fwdflat		yes		yes
-fwdflatbeam		1e-64		1.000000e-64
-fwdflatefwid		4		4
-fwdflatlw		8.5		8.500000e+00
-fwdflatsfwin		25		25
-fwdflatwbeam		7e-29		7.000000e-29
-fwdtree		yes		yes
-hmm					/home/dattr/Desktop/project2/model/en-us
-input_endian		little		little
-jsgf					
-keyphrase				
-kws					
-kws_delay		10		10
-kws_plp		1e-1		1.000000e-01
-kws_threshold		1		1.000000e+00
-latsize		5000		5000
-lda					
-ldadim			0		0
-lifter			0		22
-lm					/home/dattr/Desktop/project2/lm/2714.lm
-lmctl					
-lmname					
-logbase		1.0001		1.000100e+00
-logfn					/home/dattr/Desktop/project2/temp/output.log
-logspec		no		no
-lowerf			133.33334	1.300000e+02
-lpbeam			1e-40		1.000000e-40
-lponlybeam		7e-29		7.000000e-29
-lw			6.5		6.500000e+00
-maxhmmpf		30000		30000
-maxwpf			-1		-1
-mdef					/home/dattr/Desktop/project2/model/en-us/mdef
-mean					/home/dattr/Desktop/project2/model/en-us/means
-mfclogdir				
-min_endfr		0		0
-mixw					/home/dattr/Desktop/project2/model/en-us/mixture_weights
-mixwfloor		0.0000001	1.000000e-07
-mllr					
-mmap			yes		yes
-ncep			13		13
-nfft			512		512
-nfilt			40		25
-nwpen			1.0		1.000000e+00
-pbeam			1e-48		1.000000e-48
-pip			1.0		1.000000e+00
-pl_beam		1e-10		1.000000e-10
-pl_pbeam		1e-10		1.000000e-10
-pl_pip			1.0		1.000000e+00
-pl_weight		3.0		3.000000e+00
-pl_window		5		5
-rawlogdir				
-remove_dc		no		no
-remove_noise		yes		yes
-remove_silence		yes		yes
-round_filters		yes		yes
-samprate		16000		1.600000e+04
-seed			-1		-1
-sendump				/home/dattr/Desktop/project2/model/en-us/sendump
-senlogdir				
-senmgau				
-silprob		0.005		5.000000e-03
-smoothspec		no		no
-svspec					0-12/13-25/26-38
-tmat					/home/dattr/Desktop/project2/model/en-us/transition_matrices
-tmatfloor		0.0001		1.000000e-04
-topn			4		4
-topn_beam		0		0
-toprule				
-transform		legacy		dct
-unit_area		yes		yes
-upperf			6855.4976	6.800000e+03
-uw			1.0		1.000000e+00
-vad_postspeech		50		50
-vad_prespeech		20		20
-vad_startspeech	10		10
-vad_threshold		2.0		2.000000e+00
-var					/home/dattr/Desktop/project2/model/en-us/variances
-varfloor		0.0001		1.000000e-04
-varnorm		no		no
-verbose		no		no
-warp_params				
-warp_type		inverse_linear	inverse_linear
-wbeam			7e-29		7.000000e-29
-wip			0.65		6.500000e-01
-wlen			0.025625	2.562500e-02

INFO: feat.c(715): Initializing feature stream to type: '1s_c_d_dd', ceplen=13, CMN='live', VARNORM='no', AGC='none'
INFO: acmod.c(164): Using subvector specification 0-12/13-25/26-38
INFO: mdef.c(518): Reading model definition: /home/dattr/Desktop/project2/model/en-us/mdef
INFO: bin_mdef.c(181): Allocating 142108 * 8 bytes (1110 KiB) for CD tree
INFO: tmat.c(206): Reading HMM transition probability matrices: /home/dattr/Desktop/project2/model/en-us/transition_matrices
INFO: acmod.c(117): Attempting to use PTM computation module
INFO: ms_gauden.c(198): Reading mixture gaussian parameter: /home/dattr/Desktop/project2/model/en-us/means
INFO: ms_gauden.c(292): 42 codebook, 3 feature, size: 
INFO: ms_gauden.c(294):  128x13
INFO: ms_gauden.c(294):  128x13
INFO: ms_gauden.c(294):  128x13
INFO: ms_gauden.c(198): Reading mixture gaussian parameter: /home/dattr/Desktop/project2/model/en-us/variances
INFO: ms_gauden.c(292): 42 codebook, 3 feature, size: 
INFO: ms_gauden.c(294):  128x13
INFO: ms_gauden.c(294):  128x13
INFO: ms_gauden.c(294):  128x13
INFO: ms_gauden.c(354): 222 variance values floored
INFO: ptm_mgau.c(476): Loading senones from dump file /home/dattr/Desktop/project2/model/en-us/sendump
INFO: ptm_mgau.c(500): BEGIN FILE FORMAT DESCRIPTION
INFO: ptm_mgau.c(563): Rows: 128, Columns: 5126
INFO: ptm_mgau.c(595): Using memory-mapped I/O for senones
INFO: ptm_mgau.c(835): Maximum top-N: 4
INFO: phone_loop_search.c(114): State beam -225 Phone exit beam -225 Insertion penalty 0
INFO: dict.c(320): Allocating 138883 * 32 bytes (4340 KiB) for word entries
INFO: dict.c(333): Reading main dictionary: /home/dattr/Desktop/project2/model/en-us/cmudict-en-us.dict
INFO: dict.c(213): Allocated 1016 KiB for strings, 1680 KiB for phones
INFO: dict.c(336): 134782 words read
INFO: dict.c(358): Reading filler dictionary: /home/dattr/Desktop/project2/model/en-us/noisedict
INFO: dict.c(213): Allocated 0 KiB for strings, 0 KiB for phones
INFO: dict.c(361): 5 words read
INFO: dict2pid.c(396): Building PID tables for dictionary
INFO: dict2pid.c(406): Allocating 42^3 * 2 bytes (144 KiB) for word-initial triphones
INFO: dict2pid.c(132): Allocated 42672 bytes (41 KiB) for word-final triphones
INFO: dict2pid.c(196): Allocated 42672 bytes (41 KiB) for single-phone word triphones
INFO: ngram_model_trie.c(354): Trying to read LM in trie binary format
INFO: ngram_model_trie.c(365): Header doesn't match
INFO: ngram_model_trie.c(177): Trying to read LM in arpa format
INFO: ngram_model_trie.c(193): LM of order 3
INFO: ngram_model_trie.c(195): #1-grams: 12
INFO: ngram_model_trie.c(195): #2-grams: 20
INFO: ngram_model_trie.c(195): #3-grams: 10
INFO: lm_trie.c(474): Training quantizer
INFO: lm_trie.c(482): Building LM trie
INFO: ngram_search_fwdtree.c(99): 791 unique initial diphones
INFO: ngram_search_fwdtree.c(148): 0 root, 0 non-root channels, 57 single-phone words
INFO: ngram_search_fwdtree.c(186): Creating search tree
INFO: ngram_search_fwdtree.c(192): before: 0 root, 0 non-root channels, 57 single-phone words
INFO: ngram_search_fwdtree.c(326): after: max nonroot chan increased to 128
ERROR: "ngram_search_fwdtree.c", line 336: No word from the language model has pronunciation in the dictionary
INFO: ngram_search_fwdtree.c(339): after: 0 root, 0 non-root channels, 5 single-phone words
INFO: ngram_search_fwdflat.c(157): fwdflat: min_ef_width = 4, max_sf_win = 25
INFO: continuous.c(305): pocketsphinx_continuous COMPILED ON: Feb 10 2016, AT: 00:43:48

INFO: cmn_live.c(120): Update from < 41.00 -5.29 -0.12  5.09  2.48 -4.07 -1.37 -1.78 -5.08 -2.05 -6.45 -1.42  1.17 >
INFO: cmn_live.c(138): Update to   <  6.04 -11.29 -2.40 -5.85  8.39 15.34 -5.49  4.39  0.64  9.76 -10.05  2.71  1.12 >
INFO: ngram_search_fwdtree.c(1553):      625 words recognized (5/fr)
INFO: ngram_search_fwdtree.c(1555):     1206 senones evaluated (9/fr)
INFO: ngram_search_fwdtree.c(1559):      673 channels searched (4/fr), 0 1st, 673 last
INFO: ngram_search_fwdtree.c(1562):      673 words for which last channels evaluated (4/fr)
INFO: ngram_search_fwdtree.c(1564):        0 candidate words for entering last phone (0/fr)
INFO: ngram_search_fwdtree.c(1567): fwdtree 0.06 CPU 0.044 xRT
INFO: ngram_search_fwdtree.c(1570): fwdtree 1.54 wall 1.115 xRT
INFO: ngram_search_fwdflat.c(302): Utterance vocabulary contains 2 words
INFO: ngram_search_fwdflat.c(948):      622 words recognized (5/fr)
INFO: ngram_search_fwdflat.c(950):     1215 senones evaluated (9/fr)
INFO: ngram_search_fwdflat.c(952):      673 channels searched (4/fr)
INFO: ngram_search_fwdflat.c(954):      673 words searched (4/fr)
INFO: ngram_search_fwdflat.c(957):       67 word transitions (0/fr)
INFO: ngram_search_fwdflat.c(960): fwdflat 0.01 CPU 0.005 xRT
INFO: ngram_search_fwdflat.c(963): fwdflat 0.01 wall 0.008 xRT
INFO: ngram_search.c(1253): lattice start node <s>.0 end node </s>.15
INFO: ngram_search.c(1279): Eliminated 2 nodes before end node
INFO: ngram_search.c(1384): Lattice has 229 nodes, 9 links
INFO: ps_lattice.c(1380): Bestpath score: -541
INFO: ps_lattice.c(1384): Normalizer P(O) = alpha(</s>:15:136) = -56158
INFO: ps_lattice.c(1441): Joint P(O,S) = -61576 P(S|O) = -5418
INFO: ngram_search.c(875): bestpath 0.00 CPU 0.000 xRT
INFO: ngram_search.c(878): bestpath 0.00 wall 0.003 xRT
INFO: pocketsphinx.c(1180):  (-973)
word                 start end   pprob ascr       lscr       lback
INFO: ngram_search.c(1030): bestpath 0.00 CPU 0.000 xRT
INFO: ngram_search.c(1033): bestpath 0.00 wall 0.000 xRT
<s>                  2     16    1.000 -328704    0          1  
</s>                 17    138   1.000 -328704    -151       1  
INFO: ngram_search.c(875): bestpath 0.00 CPU 0.000 xRT
INFO: ngram_search.c(878): bestpath 0.00 wall 0.000 xRT
INFO: cmn_live.c(120): Update from <  6.04 -11.29 -2.40 -5.85  8.39 15.34 -5.49  4.39  0.64  9.76 -10.05  2.71  1.12 >
INFO: cmn_live.c(138): Update to   < 15.14 -3.02 -5.90 -7.12 10.76 17.32 -3.07  3.62  0.29 11.14 -9.77  0.58 -1.58 >
INFO: ngram_search_fwdtree.c(1553):      825 words recognized (5/fr)
INFO: ngram_search_fwdtree.c(1555):     1530 senones evaluated (9/fr)
INFO: ngram_search_fwdtree.c(1559):      848 channels searched (4/fr), 0 1st, 848 last
INFO: ngram_search_fwdtree.c(1562):      848 words for which last channels evaluated (4/fr)
INFO: ngram_search_fwdtree.c(1564):        0 candidate words for entering last phone (0/fr)
INFO: ngram_search_fwdtree.c(1567): fwdtree 0.09 CPU 0.050 xRT
INFO: ngram_search_fwdtree.c(1570): fwdtree 1.92 wall 1.110 xRT
INFO: ngram_search_fwdflat.c(302): Utterance vocabulary contains 2 words
INFO: ngram_search_fwdflat.c(948):      818 words recognized (5/fr)
INFO: ngram_search_fwdflat.c(950):     1530 senones evaluated (9/fr)
INFO: ngram_search_fwdflat.c(952):      848 channels searched (4/fr)
INFO: ngram_search_fwdflat.c(954):      848 words searched (4/fr)
INFO: ngram_search_fwdflat.c(957):       62 word transitions (0/fr)
INFO: ngram_search_fwdflat.c(960): fwdflat 0.01 CPU 0.006 xRT
INFO: ngram_search_fwdflat.c(963): fwdflat 0.02 wall 0.010 xRT
INFO: ngram_search.c(1253): lattice start node <s>.0 end node </s>.160
INFO: ngram_search.c(1279): Eliminated 1 nodes before end node
INFO: ngram_search.c(1384): Lattice has 211 nodes, 568 links
INFO: ps_lattice.c(1380): Bestpath score: -1694
INFO: ps_lattice.c(1384): Normalizer P(O) = alpha(</s>:160:171) = -78693
INFO: ps_lattice.c(1441): Joint P(O,S) = -106374 P(S|O) = -27681
INFO: ngram_search.c(875): bestpath 0.00 CPU 0.000 xRT
INFO: ngram_search.c(878): bestpath 0.00 wall 0.000 xRT
INFO: pocketsphinx.c(1180):  (-1848)
word                 start end   pprob ascr       lscr       lback
INFO: ngram_search.c(1030): bestpath 0.00 CPU 0.000 xRT
INFO: ngram_search.c(1033): bestpath 0.00 wall 0.000 xRT
<s>                  167   226   1.000 -562176    0          1  
[SPEECH]             227   247   0.586 -193536    -524288    1  
<sil>                248   300   0.916 -579584    -524288    1  
[SPEECH]             301   326   0.743 -174080    -524288    1  
</s>                 327   338   1.000 -174080    -118       1  
INFO: ngram_search.c(875): bestpath 0.00 CPU 0.000 xRT
INFO: ngram_search.c(878): bestpath 0.00 wall 0.000 xRT
INFO: cmn_live.c(120): Update from < 15.14 -3.02 -5.90 -7.12 10.76 17.32 -3.07  3.62  0.29 11.14 -9.77  0.58 -1.58 >
INFO: cmn_live.c(138): Update to   < 18.46  1.77 -3.48 -4.64 11.10 16.61 -3.44  2.87  0.30 10.09 -10.48 -0.35 -3.10 >
INFO: ngram_search_fwdtree.c(1553):      893 words recognized (5/fr)
INFO: ngram_search_fwdtree.c(1555):     1710 senones evaluated (9/fr)
INFO: ngram_search_fwdtree.c(1559):      920 channels searched (4/fr), 0 1st, 920 last
INFO: ngram_search_fwdtree.c(1562):      920 words for which last channels evaluated (4/fr)
INFO: ngram_search_fwdtree.c(1564):        0 candidate words for entering last phone (0/fr)
INFO: ngram_search_fwdtree.c(1567): fwdtree 0.11 CPU 0.057 xRT
INFO: ngram_search_fwdtree.c(1570): fwdtree 5.85 wall 3.031 xRT
INFO: ngram_search_fwdflat.c(302): Utterance vocabulary contains 2 words
INFO: ngram_search_fwdflat.c(948):      918 words recognized (5/fr)
INFO: ngram_search_fwdflat.c(950):     1710 senones evaluated (9/fr)
INFO: ngram_search_fwdflat.c(952):      948 channels searched (4/fr)
INFO: ngram_search_fwdflat.c(954):      948 words searched (4/fr)
INFO: ngram_search_fwdflat.c(957):       76 word transitions (0/fr)
INFO: ngram_search_fwdflat.c(960): fwdflat 0.01 CPU 0.005 xRT
INFO: ngram_search_fwdflat.c(963): fwdflat 0.02 wall 0.011 xRT
INFO: ngram_search.c(1253): lattice start node <s>.0 end node </s>.145
INFO: ngram_search.c(1279): Eliminated 2 nodes before end node
INFO: ngram_search.c(1384): Lattice has 277 nodes, 531 links
INFO: ps_lattice.c(1380): Bestpath score: -1377
INFO: ps_lattice.c(1384): Normalizer P(O) = alpha(</s>:145:191) = -65186
INFO: ps_lattice.c(1441): Joint P(O,S) = -91321 P(S|O) = -26135
INFO: ngram_search.c(875): bestpath 0.00 CPU 0.000 xRT
INFO: ngram_search.c(878): bestpath 0.00 wall 0.000 xRT
INFO: pocketsphinx.c(1180):  (-1554)
word                 start end   pprob ascr       lscr       lback
INFO: ngram_search.c(1030): bestpath 0.00 CPU 0.000 xRT
INFO: ngram_search.c(1033): bestpath 0.00 wall 0.000 xRT
<s>                  729   747   1.000 -280576    0          1  
[SPEECH]             748   766   0.948 -130048    -524288    1  
<sil>                767   801   0.875 -406528    -524288    1  
[SPEECH]             802   819   0.895 -177152    -524288    1  
<sil>                820   873   0.875 -190464    -524288    1  
</s>                 874   920   1.000 -190464    -118       1  
INFO: ngram_search.c(875): bestpath 0.00 CPU 0.000 xRT
INFO: ngram_search.c(878): bestpath 0.00 wall 0.000 xRT
INFO: cmn_live.c(120): Update from < 18.46  1.77 -3.48 -4.64 11.10 16.61 -3.44  2.87  0.30 10.09 -10.48 -0.35 -3.10 >
INFO: cmn_live.c(138): Update to   < 19.42  2.68 -1.72 -3.60 10.68 16.34 -4.09  2.79  0.17 10.10 -11.70 -0.14 -2.34 >
INFO: ngram_search_fwdtree.c(1553):      531 words recognized (4/fr)
INFO: ngram_search_fwdtree.c(1555):     1044 senones evaluated (9/fr)
INFO: ngram_search_fwdtree.c(1559):      558 channels searched (4/fr), 0 1st, 558 last
INFO: ngram_search_fwdtree.c(1562):      558 words for which last channels evaluated (4/fr)
INFO: ngram_search_fwdtree.c(1564):        0 candidate words for entering last phone (0/fr)
INFO: ngram_search_fwdtree.c(1567): fwdtree 0.07 CPU 0.057 xRT
INFO: ngram_search_fwdtree.c(1570): fwdtree 4.48 wall 3.762 xRT
INFO: ngram_search_fwdflat.c(302): Utterance vocabulary contains 2 words
INFO: ngram_search_fwdflat.c(948):      550 words recognized (5/fr)
INFO: ngram_search_fwdflat.c(950):     1044 senones evaluated (9/fr)
INFO: ngram_search_fwdflat.c(952):      578 channels searched (4/fr)
INFO: ngram_search_fwdflat.c(954):      578 words searched (4/fr)
INFO: ngram_search_fwdflat.c(957):       76 word transitions (0/fr)
INFO: ngram_search_fwdflat.c(960): fwdflat 0.01 CPU 0.006 xRT
INFO: ngram_search_fwdflat.c(963): fwdflat 0.01 wall 0.010 xRT
INFO: ngram_search.c(1253): lattice start node <s>.0 end node </s>.84
INFO: ngram_search.c(1279): Eliminated 2 nodes before end node
INFO: ngram_search.c(1384): Lattice has 180 nodes, 338 links
INFO: ps_lattice.c(1380): Bestpath score: -995
INFO: ps_lattice.c(1384): Normalizer P(O) = alpha(</s>:84:117) = -43051
INFO: ps_lattice.c(1441): Joint P(O,S) = -68589 P(S|O) = -25538
INFO: ngram_search.c(875): bestpath 0.00 CPU 0.000 xRT
INFO: ngram_search.c(878): bestpath 0.00 wall 0.000 xRT
INFO: pocketsphinx.c(1180):  (-1110)
word                 start end   pprob ascr       lscr       lback
INFO: ngram_search.c(1030): bestpath 0.00 CPU 0.000 xRT
INFO: ngram_search.c(1033): bestpath 0.00 wall 0.000 xRT
<s>                  1250  1294  1.000 -434176    0          1  
[SPEECH]             1295  1312  0.989 -177152    -524288    1  
<sil>                1313  1333  0.862 -182272    -524288    1  
</s>                 1334  1367  1.000 -182272    -118       1  
INFO: ngram_search.c(875): bestpath 0.00 CPU 0.000 xRT
INFO: ngram_search.c(878): bestpath 0.00 wall 0.000 xRT
INFO: cmn_live.c(88): Update from < 19.42  2.68 -1.72 -3.60 10.68 16.34 -4.09  2.79  0.17 10.10 -11.70 -0.14 -2.34 >
INFO: cmn_live.c(105): Update to   < 19.27 -0.92 -4.38 -3.21 10.40 16.49 -4.41  1.98 -0.47  9.54 -9.62  0.46 -1.04 >
INFO: cmn_live.c(120): Update from < 19.27 -0.92 -4.38 -3.21 10.40 16.49 -4.41  1.98 -0.47  9.54 -9.62  0.46 -1.04 >
INFO: cmn_live.c(138): Update to   < 18.02 -1.40 -4.49 -3.29 10.07 17.01 -4.24  1.75 -0.85  9.38 -9.07  0.34 -0.82 >
INFO: ngram_search_fwdtree.c(1553):     1067 words recognized (5/fr)
INFO: ngram_search_fwdtree.c(1555):     1989 senones evaluated (9/fr)
INFO: ngram_search_fwdtree.c(1559):     1084 channels searched (4/fr), 0 1st, 1084 last
INFO: ngram_search_fwdtree.c(1562):     1084 words for which last channels evaluated (4/fr)
INFO: ngram_search_fwdtree.c(1564):        0 candidate words for entering last phone (0/fr)
INFO: ngram_search_fwdtree.c(1567): fwdtree 0.15 CPU 0.067 xRT
INFO: ngram_search_fwdtree.c(1570): fwdtree 13.68 wall 6.105 xRT
INFO: ngram_search_fwdflat.c(302): Utterance vocabulary contains 2 words
INFO: ngram_search_fwdflat.c(948):     1088 words recognized (5/fr)
INFO: ngram_search_fwdflat.c(950):     1989 senones evaluated (9/fr)
INFO: ngram_search_fwdflat.c(952):     1103 channels searched (4/fr)
INFO: ngram_search_fwdflat.c(954):     1103 words searched (4/fr)
INFO: ngram_search_fwdflat.c(957):       76 word transitions (0/fr)
INFO: ngram_search_fwdflat.c(960): fwdflat 0.01 CPU 0.006 xRT
INFO: ngram_search_fwdflat.c(963): fwdflat 0.03 wall 0.011 xRT
INFO: ngram_search.c(1253): lattice start node <s>.0 end node </s>.165
INFO: ngram_search.c(1279): Eliminated 2 nodes before end node
INFO: ngram_search.c(1384): Lattice has 282 nodes, 553 links
INFO: ps_lattice.c(1380): Bestpath score: -1504
INFO: ps_lattice.c(1384): Normalizer P(O) = alpha(</s>:165:222) = -75526
INFO: ps_lattice.c(1441): Joint P(O,S) = -98849 P(S|O) = -23323
INFO: ngram_search.c(875): bestpath 0.00 CPU 0.000 xRT
INFO: ngram_search.c(878): bestpath 0.00 wall 0.000 xRT
INFO: pocketsphinx.c(1180):  (-1701)
word                 start end   pprob ascr       lscr       lback
INFO: ngram_search.c(1030): bestpath 0.00 CPU 0.000 xRT
INFO: ngram_search.c(1033): bestpath 0.00 wall 0.000 xRT
<s>                  2523  2585  1.000 -478208    0          1  
<sil>                2586  2610  0.765 -252928    -524288    1  
<sil>                2611  2687  0.904 -583680    -524288    1  
</s>                 2688  2745  1.000 -583680    -118       1  
INFO: ngram_search.c(875): bestpath 0.00 CPU 0.000 xRT
INFO: ngram_search.c(878): bestpath 0.00 wall 0.000 xRT
INFO: cmn_live.c(120): Update from < 18.02 -1.40 -4.49 -3.29 10.07 17.01 -4.24  1.75 -0.85  9.38 -9.07  0.34 -0.82 >
INFO: cmn_live.c(138): Update to   < 16.60 -3.02 -5.76 -3.49  9.72 17.64 -4.57  1.21 -0.96  9.05 -8.49  0.37 -0.68 >
INFO: ngram_search_fwdtree.c(1553):      461 words recognized (5/fr)
INFO: ngram_search_fwdtree.c(1555):      882 senones evaluated (9/fr)
INFO: ngram_search_fwdtree.c(1559):      478 channels searched (4/fr), 0 1st, 478 last
INFO: ngram_search_fwdtree.c(1562):      478 words for which last channels evaluated (4/fr)
INFO: ngram_search_fwdtree.c(1564):        0 candidate words for entering last phone (0/fr)
INFO: ngram_search_fwdtree.c(1567): fwdtree 0.05 CPU 0.049 xRT
INFO: ngram_search_fwdtree.c(1570): fwdtree 1.40 wall 1.382 xRT
INFO: ngram_search_fwdflat.c(302): Utterance vocabulary contains 2 words
INFO: ngram_search_fwdflat.c(948):      475 words recognized (5/fr)
INFO: ngram_search_fwdflat.c(950):      882 senones evaluated (9/fr)
INFO: ngram_search_fwdflat.c(952):      488 channels searched (4/fr)
INFO: ngram_search_fwdflat.c(954):      488 words searched (4/fr)
INFO: ngram_search_fwdflat.c(957):       76 word transitions (0/fr)
INFO: ngram_search_fwdflat.c(960): fwdflat 0.01 CPU 0.005 xRT
INFO: ngram_search_fwdflat.c(963): fwdflat 0.01 wall 0.009 xRT
INFO: ngram_search.c(1253): lattice start node <s>.0 end node </s>.50
INFO: ngram_search.c(1279): Eliminated 2 nodes before end node
INFO: ngram_search.c(1384): Lattice has 114 nodes, 75 links
INFO: ps_lattINFO: pocketsphinx.c(145): Parsed model-specific feature parameters from /home/dattr/Desktop/project2/model/en-us/feat.params
Current configuration:
[NAME]			[DEFLT]		[VALUE]
-agc			none		none
-agcthresh		2.0		2.000000e+00
-allphone				
-allphone_ci		no		no
-alpha			0.97		9.700000e-01
-ascale			20.0		2.000000e+01
-aw			1		1
-backtrace		no		yes
-beam			1e-48		1.000000e-48
-bestpath		yes		yes
-bestpathlw		9.5		9.500000e+00
-ceplen			13		13
-cmn			current		live
-cmninit		8.0		41.00,-5.29,-0.12,5.09,2.48,-4.07,-1.37,-1.78,-5.08,-2.05,-6.45,-1.42,1.17
-compallsen		no		no
-debug					0
-dict					/home/dattr/Desktop/project2/model/en-us/cmudict-en-us.dict
-dictcase		no		no
-dither			no		no
-doublebw		no		no
-ds			1		1
-fdict					/home/dattr/Desktop/project2/model/en-us/noisedict
-feat			1s_c_d_dd	1s_c_d_dd
-featparams				/home/dattr/Desktop/project2/model/en-us/feat.params
-fillprob		1e-8		1.000000e-08
-frate			100		100
-fsg					
-fsgusealtpron		yes		yes
-fsgusefiller		yes		yes
-fwdflat		yes		yes
-fwdflatbeam		1e-64		1.000000e-64
-fwdflatefwid		4		4
-fwdflatlw		8.5		8.500000e+00
-fwdflatsfwin		25		25
-fwdflatwbeam		7e-29		7.000000e-29
-fwdtree		yes		yes
-hmm					/home/dattr/Desktop/project2/model/en-us
-input_endian		little		little
-jsgf					
-keyphrase				
-kws					
-kws_delay		10		10
-kws_plp		1e-1		1.000000e-01
-kws_threshold		1		1.000000e+00
-latsize		5000		5000
-lda					
-ldadim			0		0
-lifter			0		22
-lm					/home/dattr/Desktop/project2/model/en-us/en-us.lm.bin
-lmctl					
-lmname					
-logbase		1.0001		1.000100e+00
-logfn					/home/dattr/Desktop/project2/temp/output.log
-logspec		no		no
-lowerf			133.33334	1.300000e+02
-lpbeam			1e-40		1.000000e-40
-lponlybeam		7e-29		7.000000e-29
-lw			6.5		6.500000e+00
-maxhmmpf		30000		30000
-maxwpf			-1		-1
-mdef					/home/dattr/Desktop/project2/model/en-us/mdef
-mean					/home/dattr/Desktop/project2/model/en-us/means
-mfclogdir				
-min_endfr		0		0
-mixw					/home/dattr/Desktop/project2/model/en-us/mixture_weights
-mixwfloor		0.0000001	1.000000e-07
-mllr					
-mmap			yes		yes
-ncep			13		13
-nfft			512		512
-nfilt			40		25
-nwpen			1.0		1.000000e+00
-pbeam			1e-48		1.000000e-48
-pip			1.0		1.000000e+00
-pl_beam		1e-10		1.000000e-10
-pl_pbeam		1e-10		1.000000e-10
-pl_pip			1.0		1.000000e+00
-pl_weight		3.0		3.000000e+00
-pl_window		5		5
-rawlogdir				
-remove_dc		no		no
-remove_noise		yes		yes
-remove_silence		yes		yes
-round_filters		yes		yes
-samprate		16000		1.600000e+04
-seed			-1		-1
-sendump				/home/dattr/Desktop/project2/model/en-us/sendump
-senlogdir				
-senmgau				
-silprob		0.005		5.000000e-03
-smoothspec		no		no
-svspec					0-12/13-25/26-38
-tmat					/home/dattr/Desktop/project2/model/en-us/transition_matrices
-tmatfloor		0.0001		1.000000e-04
-topn			4		4
-topn_beam		0		0
-toprule				
-transform		legacy		dct
-unit_area		yes		yes
-upperf			6855.4976	6.800000e+03
-uw			1.0		1.000000e+00
-vad_postspeech		50		50
-vad_prespeech		20		20
-vad_startspeech	10		10
-vad_threshold		2.0		2.000000e+00
-var					/home/dattr/Desktop/project2/model/en-us/variances
-varfloor		0.0001		1.000000e-04
-varnorm		no		no
-verbose		no		no
-warp_params				
-warp_type		inverse_linear	inverse_linear
-wbeam			7e-29		7.000000e-29
-wip			0.65		6.500000e-01
-wlen			0.025625	2.562500e-02

INFO: feat.c(715): Initializing feature stream to type: '1s_c_d_dd', ceplen=13, CMN='live', VARNORM='no', AGC='none'
INFO: acmod.c(164): Using subvector specification 0-12/13-25/26-38
INFO: mdef.c(518): Reading model definition: /home/dattr/Desktop/project2/model/en-us/mdef
INFO: bin_mdef.c(181): Allocating 142108 * 8 bytes (1110 KiB) for CD tree
INFO: tmat.c(206): Reading HMM transition probability matrices: /home/dattr/Desktop/project2/model/en-us/transition_matrices
INFO: acmod.c(117): Attempting to use PTM computation module
INFO: ms_gauden.c(198): Reading mixture gaussian parameter: /home/dattr/Desktop/project2/model/en-us/means
INFO: ms_gauden.c(292): 42 codebook, 3 feature, size: 
INFO: ms_gauden.c(294):  128x13
INFO: ms_gauden.c(294):  128x13
INFO: ms_gauden.c(294):  128x13
INFO: ms_gauden.c(198): Reading mixture gaussian parameter: /home/dattr/Desktop/project2/model/en-us/variances
INFO: ms_gauden.c(292): 42 codebook, 3 feature, size: 
INFO: ms_gauden.c(294):  128x13
INFO: ms_gauden.c(294):  128x13
INFO: ms_gauden.c(294):  128x13
INFO: ms_gauden.c(354): 222 variance values floored
INFO: ptm_mgau.c(476): Loading senones from dump file /home/dattr/Desktop/project2/model/en-us/sendump
INFO: ptm_mgau.c(500): BEGIN FILE FORMAT DESCRIPTION
INFO: ptm_mgau.c(563): Rows: 128, Columns: 5126
INFO: ptm_mgau.c(595): Using memory-mapped I/O for senones
INFO: ptm_mgau.c(835): Maximum top-N: 4
INFO: phone_loop_search.c(114): State beam -225 Phone exit beam -225 Insertion penalty 0
INFO: dict.c(320): Allocating 138883 * 32 bytes (4340 KiB) for word entries
INFO: dict.c(333): Reading main dictionary: /home/dattr/Desktop/project2/model/en-us/cmudict-en-us.dict
INFO: dict.c(213): Allocated 1016 KiB for strings, 1680 KiB for phones
INFO: dict.c(336): 134782 words read
INFO: dict.c(358): Reading filler dictionary: /home/dattr/Desktop/project2/model/en-us/noisedict
INFO: dict.c(213): Allocated 0 KiB for strings, 0 KiB for phones
INFO: dict.c(361): 5 words read
INFO: dict2pid.c(396): Building PID tables for dictionary
INFO: dict2pid.c(406): Allocating 42^3 * 2 bytes (144 KiB) for word-initial triphones
INFO: dict2pid.c(132): Allocated 42672 bytes (41 KiB) for word-final triphones
INFO: dict2pid.c(196): Allocated 42672 bytes (41 KiB) for single-phone word triphones
INFO: ngram_model_trie.c(354): Trying to read LM in trie binary format
INFO: ngram_search_fwdtree.c(99): 791 unique initial diphones
INFO: ngram_search_fwdtree.c(148): 0 root, 0 non-root channels, 57 single-phone words
INFO: ngram_search_fwdtree.c(186): Creating search tree
INFO: ngram_search_fwdtree.c(192): before: 0 root, 0 non-root channels, 57 single-phone words
INFO: ngram_search_fwdtree.c(326): after: max nonroot chan increased to 152608
INFO: ngram_search_fwdtree.c(339): after: 723 root, 152480 non-root channels, 53 single-phone words
INFO: ngram_search_fwdflat.c(157): fwdflat: min_ef_width = 4, max_sf_win = 25
INFO: continuous.c(305): pocketsphinx_continuous COMPILED ON: Feb 10 2016, AT: 00:43:48

INFO: ngram_search.c(459): Resized backpointer table to 10000 entries
INFO: ngram_search.c(467): Resized score stack to 200000 entries
INFO: cmn_live.c(120): Update from < 41.00 -5.29 -0.12  5.09  2.48 -4.07 -1.37 -1.78 -5.08 -2.05 -6.45 -1.42  1.17 >
INFO: cmn_live.c(138): Update to   < 18.03 -3.34 -6.27 -9.73  8.10 17.93 -2.44  2.21  4.36 11.71 -12.69  0.96 -0.46 >
INFO: ngram_search_fwdtree.c(1553):     7681 words recognized (23/fr)
INFO: ngram_search_fwdtree.c(1555):  1261501 senones evaluated (3834/fr)
INFO: ngram_search_fwdtree.c(1559):  5190068 channels searched (15775/fr), 228718 1st, 226364 last
INFO: ngram_search_fwdtree.c(1562):    16898 words for which last channels evaluated (51/fr)
INFO: ngram_search_fwdtree.c(1564):   288578 candidate words for entering last phone (877/fr)
INFO: ngram_search_fwdtree.c(1567): fwdtree 2.57 CPU 0.780 xRT
INFO: ngram_search_fwdtree.c(1570): fwdtree 8.35 wall 2.539 xRT
INFO: ngram_search_fwdflat.c(302): Utterance vocabulary contains 197 words
INFO: ngram_search_fwdflat.c(948):     5117 words recognized (16/fr)
INFO: ngram_search_fwdflat.c(950):   202707 senones evaluated (616/fr)
INFO: ngram_search_fwdflat.c(952):   348936 channels searched (1060/fr)
INFO: ngram_search_fwdflat.c(954):    21367 words searched (64/fr)
INFO: ngram_search_fwdflat.c(957):    12538 word transitions (38/fr)
INFO: ngram_search_fwdflat.c(960): fwdflat 0.19 CPU 0.058 xRT
INFO: ngram_search_fwdflat.c(963): fwdflat 0.39 wall 0.117 xRT
INFO: ngram_search.c(1253): lattice start node <s>.0 end node </s>.298
INFO: ngram_search.c(1279): Eliminated 1 nodes before end node
INFO: ngram_search.c(1384): Lattice has 899 nodes, 7199 links
INFO: ps_lattice.c(1380): Bestpath score: -7421
INFO: ps_lattice.c(1384): Normalizer P(O) = alpha(</s>:298:327) = -359208
INFO: ps_lattice.c(1441): Joint P(O,S) = -491374 P(S|O) = -132166
INFO: ngram_search.c(875): bestpath 0.03 CPU 0.008 xRT
INFO: ngram_search.c(878): bestpath 0.06 wall 0.017 xRT
INFO: pocketsphinx.c(1180): huh now and (-7485)
word                 start end   pprob ascr       lscr       lback
INFO: ngram_search.c(1030): bestpath 0.00 CPU 0.000 xRT
INFO: ngram_search.c(1033): bestpath 0.00 wall 0.000 xRT
<s>                  0     33    0.999 -428032    0          1  
<sil>                34    68    0.606 -297984    -524288    1  
<sil>                69    130   0.850 -484352    -524288    1  
<sil>                131   180   0.999 -701440    -524288    1  
huh                  181   206   0.044 -1125376   -517       1  
<sil>                207   248   0.999 -749568    -524288    1  
now                  249   266   0.005 -841728    -401       1  
and                  267   297   0.054 -1075200   -205       2  
</s>                 298   327   1.000 -1075200   -246       3  
INFO: ngram_search.c(875): bestpath 0.00 CPU 0.000 xRT
INFO: ngram_search.c(878): bestpath 0.00 wall 0.000 xRT
INFO: cmn_live.c(120): Update from < 18.03 -3.34 -6.27 -9.73  8.10 17.93 -2.44  2.21  4.36 11.71 -12.69  0.96 -0.46 >
INFO: cmn_live.c(138): Update to   < 19.41 -2.13 -5.89 -10.49  8.20 18.82 -2.11  1.51  4.96 12.18 -13.33 -0.11 -0.72 >
INFO: ngram_search_fwdtree.c(1553):     2357 words recognized (28/fr)
INFO: ngram_search_fwdtree.c(1555):   298347 senones evaluated (3595/fr)
INFO: ngram_search_fwdtree.c(1559):  1453344 channels searched (17510/fr), 56973 1st, 86479 last
INFO: ngram_search_fwdtree.c(1562):     4620 words for which last channels evaluated (55/fr)
INFO: ngram_search_fwdtree.c(1564):    79919 candidate words for entering last phone (962/fr)
INFO: ngram_search_fwdtree.c(1567): fwdtree 0.67 CPU 0.805 xRT
INFO: ngram_search_fwdtree.c(1570): fwdtree 4.84 wall 5.835 xRT
INFO: ngram_search_fwdflat.c(302): Utterance vocabulary contains 88 words
INFO: ngram_search_fwdflat.c(948):     1491 words recognized (18/fr)
INFO: ngram_search_fwdflat.c(950):    85520 senones evaluated (1030/fr)
INFO: ngram_search_fwdflat.c(952):   132657 channels searched (1598/fr)
INFO: ngram_search_fwdflat.c(954):     6512 words searched (78/fr)
INFO: ngram_search_fwdflat.c(957):     4084 word transitions (49/fr)
INFO: ngram_search_fwdflat.c(960): fwdflat 0.07 CPU 0.083 xRT
INFO: ngram_search_fwdflat.c(963): fwdflat 0.14 wall 0.172 xRT
INFO: ngram_search.c(1253): lattice start node <s>.0 end node </s>.55
INFO: ngram_search.c(1279): Eliminated 1 nodes before end node
INFO: ngram_search.c(1384): Lattice has 270 nodes, 2456 links
INFO: ps_lattice.c(1380): Bestpath score: -2591
INFO: ps_lattice.c(1384): Normalizer P(O) = alpha(</s>:55:81) = -102254
INFO: ps_lattice.c(1441): Joint P(O,S) = -163956 P(S|O) = -61702
INFO: ngram_search.c(875): bestpath 0.01 CPU 0.011 xRT
INFO: ngram_search.c(878): bestpath 0.02 wall 0.019 xRT
INFO: pocketsphinx.c(1180): huh (-2572)
word                 start end   pprob ascr       lscr       lback
INFO: ngram_search.c(1030): bestpath 0.00 CPU 0.000 xRT
INFO: ngram_search.c(1033): bestpath 0.00 wall 0.000 xRT
<s>                  698   714   0.999 -533504    0          1  
huh                  715   752   0.015 -1475584   -395       2  
</s>                 753   779   1.000 -1475584   -36        3  
INFO: ngram_search.c(875): bestpath 0.00 CPU 0.000 xRT
INFO: ngram_search.c(878): bestpath 0.00 wall 0.000 xRT
INFO: cmn_live.c(120): Update from < 19.41 -2.13 -5.89 -10.49  8.20 18.82 -2.11  1.51  4.96 12.18 -13.33 -0.11 -0.72 >
INFO: cmn_live.c(138): Update to   < 19.74 -1.20 -0.96 -6.27  9.91 17.95 -4.13 -2.70  3.47 10.91 -12.65 -0.32 -1.01 >
INFO: ngram_search_fwdtree.c(1553):     3696 words recognized (15/fr)
INFO: ngram_search_fwdtree.c(1555):   853184 senones evaluated (3526/fr)
INFO: ngram_search_fwdtree.c(1559):  4956270 channels searched (20480/fr), 163009 1st, 107729 last
INFO: ngram_search_fwdtree.c(1562):     6926 words for which last channels evaluated (28/fr)
INFO: ngram_search_fwdtree.c(1564):   449122 candidate words for entering last phone (1855/fr)
INFO: ngram_search_fwdtree.c(1567): fwdtree 2.14 CPU 0.885 xRT
INFO: ngram_search_fwdtree.c(1570): fwdtree 6.29 wall 2.599 xRT
INFO: ngram_search_fwdflat.c(302): Utterance vocabulary contains 121 words
INFO: ngram_search_fwdflat.c(948):     3461 words recognized (14/fr)
INFO: ngram_search_fwdflat.c(950):   177422 senones evaluated (733/fr)
INFO: ngram_search_fwdflat.c(952):   226592 channels searched (936/fr)
INFO: ngram_search_fwdflat.c(954):    12015 words searched (49/fr)
INFO: ngram_search_fwdflat.c(957):     6269 word transitions (25/fr)
INFO: ngram_search_fwdflat.c(960): fwdflat 0.14 CPU 0.058 xRT
INFO: ngram_search_fwdflat.c(963): fwdflat 0.33 wall 0.136 xRT
INFO: ngram_search.c(1253): lattice start node <s>.0 end node </s>.200
INFO: ngram_search.c(1279): Eliminated 2 nodes before end node
INFO: ngram_search.c(1384): Lattice has 482 nodes, 2336 links
INFO: ps_lattice.c(1380): Bestpath score: -6988
INFO: ps_lattice.c(1384): Normalizer P(O) = alpha(</s>:200:240) = -394596
INFO: ps_lattice.c(1441): Joint P(O,S) = -461943 P(S|O) = -67347
INFO: ngram_search.c(875): bestpath 0.01 CPU 0.003 xRT
INFO: ngram_search.c(878): bestpath 0.01 wall 0.006 xRT
INFO: pocketsphinx.c(1180): no news (-7631)
word                 start end   pprob ascr       lscr       lback
INFO: ngram_search.c(1030): bestpath 0.00 CPU 0.000 xRT
INFO: ngram_search.c(1033): bestpath 0.00 wall 0.000 xRT
<s>                  801   809   1.000 -94208     0          1  
no                   810   846   0.101 -1420288   -295       2  
<sil>                847   868   1.000 -1101824   -524288    2  
<sil>                869   941   1.000 -992256    -524288    2  
news                 942   1000  0.074 -2166784   -532       1  
</s>                 1001  1041  1.000 -2166784   -114       2  
INFO: ngram_search.c(875): bestpath 0.00 CPU 0.000 xRT
INFO: ngram_search.c(878): bestpath 0.00 wall 0.000 xRT
INFO: cmn_live.c(120): Update from < 19.74 -1.20 -0.96 -6.27  9.91 17.95 -4.13 -2.70  3.47 10.91 -12.65 -0.32 -1.01 >
INFO: cmn_live.c(138): Update to   < 19.28 -1.81 -1.59 -5.96 10.10 17.97 -3.93 -3.31  3.20 10.75 -12.18 -0.40 -1.31 >
INFO: ngram_search_fwdtree.c(1553):     2411 words recognized (24/fr)
INFO: ngram_search_fwdtree.c(1555):   267207 senones evaluated (2699/fr)
INFO: ngram_search_fwdtree.c(1559):   914702 channels searched (9239/fr), 58558 1st, 89027 last
INFO: ngram_search_fwdtree.c(1562):     4835 words for which last channels evaluated (48/fr)
INFO: ngram_search_fwdtree.c(1564):    45293 candidate words for entering last phone (457/fr)
INFO: ngram_search_fwdtree.c(1567): fwdtree 0.42 CPU 0.421 xRT
INFO: ngram_search_fwdtree.c(1570): fwdtree 1.71 wall 1.730 xRT
INFO: ngram_search_fwdflat.c(302): Utterance vocabulary contains 128 words
INFO: ngram_search_fwdflat.c(948):     1854 words recognized (19/fr)
INFO: ngram_search_fwdflat.c(950):    83179 senones evaluated (840/fr)
INFO: ngram_search_fwdflat.c(952):   137789 channels searched (1391/fr)
INFO: ngram_search_fwdflat.c(954):     8379 words searched (84/fr)
INFO: ngram_search_fwdflat.c(957):     5505 word transitions (55/fr)
INFO: ngram_search_fwdflat.c(960): fwdflat 0.08 CPU 0.076 xRT
INFO: ngram_search_fwdflat.c(963): fwdflat 0.15 wall 0.155 xRT
INFO: ngram_search.c(1253): lattice start node <s>.0 end node </s>.54
INFO: ngram_search.c(1279): Eliminated 2 nodes before end node
INFO: ngram_search.c(1384): Lattice has 265 nodes, 1246 links
INFO: ps_lattice.c(1380): Bestpath score: -3306
INFO: ps_lattice.c(1384): Normalizer P(O) = alpha(</s>:54:97) = -197634
INFO: ps_lattice.c(1441): Joint P(O,S) = -248038 P(S|O) = -50404
INFO: ngram_search.c(875): bestpath 0.00 CPU 0.004 xRT
INFO: ngram_search.c(878): bestpath 0.01 wall 0.008 xRT
INFO: pocketsphinx.c(1180): i choose (-3574)
word                 start end   pprob ascr       lscr       lback
INFO: ngram_search.c(1030): bestpath 0.00 CPU 0.000 xRT
INFO: ngram_search.c(1033): bestpath 0.00 wall 0.000 xRT
<s>                  1043  1045  1.000 -87040     0          1  
i                    1046  1062  0.233 -650240    -160       2  
<sil>                1063  1068  0.638 -266240    -524288    2  
choose               1069  1096  0.052 -1001472   -602       1  
</s>                 1097  1140  1.000 -1001472   -167       2  
INFO: ngram_search.c(875): bestpath 0.00 CPU 0.000 xRT
INFO: ngram_search.c(878): bestpath 0.00 wall 0.001 xRT
INFO: cmn_live.c(88): Update from < 19.28 -1.81 -1.59 -5.96 10.10 17.97 -3.93 -3.31  3.20 10.75 -12.18 -0.40 -1.31 >
INFO: cmn_live.c(105): Update to   < 19.71 -1.59 -2.09 -6.73  9.87 18.29 -4.10 -4.28  3.02 10.88 -11.59 -0.45 -1.60 >
INFO: cmn_live.c(120): Update from < 19.71 -1.59 -2.09 -6.73  9.87 18.29 -4.10 -4.28  3.02 10.88 -11.59 -0.45 -1.60 >
INFO: cmn_live.c(138): Update to   < 19.83 -0.99 -2.33 -7.36  9.94 18.82 -4.30 -4.98  3.21 10.32 -11.48 -0.45 -1.70 >
INFO: ngram_search_fwdtree.c(1553):     4968 words recognized (50/fr)
INFO: ngram_search_fwdtree.c(1555):   309422 senones evaluated (3094/fr)
INFO: ngram_search_fwdtree.c(1559):  2055329 channels searched (20553/fr), 59256 1st, 170840 last
INFO: ngram_search_fwdtree.c(1562):     8948 words for which last channels evaluated (89/fr)
INFO: ngram_search_fwdtree.c(1564):   163798 candidate words for entering last phone (1637/fr)
INFO: ngram_search_fwdtree.c(1567): fwdtree 0.96 CPU 0.955 xRT
INFO: ngram_search_fwdtree.c(1570): fwdtree 6.64 wall 6.640 xRT
INFO: ngram_search_fwdflat.c(302): Utterance vocabulary contains 248 words
INFO: ngram_search_fwdflat.c(948):     3283 words recognized (33/fr)
INFO: ngram_search_fwdflat.c(950):   162614 senones evaluated (1626/fr)
INFO: ngram_search_fwdflat.c(952):   398662 channels searched (3986/fr)
INFO: ngram_search_fwdflat.c(954):    18802 words searched (188/fr)
INFO: ngram_search_fwdflat.c(957):    11758 word transitions (117/fr)
INFO: ngram_search_fwdflat.c(960): fwdflat 0.19 CPU 0.189 xRT
INFO: ngram_search_fwdflat.c(963): fwdflat 0.38 wall 0.382 xRT
INFO: ngram_search.c(1253): lattice start node <s>.0 end node </s>.62
INFO: ngram_search.c(1279): Eliminated 2 nodes before end node
INFO: ngram_search.c(1384): Lattice has 466 nodes, 7400 links
INFO: ps_lattice.c(1380): Bestpath score: -3296
INFO: ps_lattice.c(1384): Normalizer P(O) = alpha(</s>:62:98) = -129859
INFO: ps_lattice.c(1441): Joint P(O,S) = -239982 P(S|O) = -110123
INFO: ngram_search.c(875): bestpath 0.05 CPU 0.049 xRT
INFO: ngram_search.c(878): bestpath 0.10 wall 0.097 xRT
INFO: pocketsphinx.c(1180): a club (-3309)
word                 start end   pprob ascr       lscr       lback
INFO: ngram_search.c(1030): bestpath 0.00 CPU 0.000 xRT
INFO: ngram_search.c(1033): bestpath 0.00 wall 0.000 xRT
<s>                  1660  1671  0.999 -212992    0          1  
a                    1672  1684  0.013 -572416    -295       2  
club                 1685  1721  0.001 -1207296   -514       2  
</s>                 1722  1758  1.000 -1207296   -115       2  
INFO: ngram_search.c(875): bestpath 0.00 CPU 0.000 xRT
INFO: ngram_search.c(878): bestpath 0.00 wall 0.000 xRT
INFO: ngram_search_fwdtree.c(952): cand_sf[] increased to 64 entries
INFO: cmn_live.c(120): Update from < 19.83 -0.99 -2.33 -7.36  9.94 18.82 -4.30 -4.98  3.21 10.32 -11.48 -0.45 -1.70 >
INFO: cmn_live.c(138): Update to   < 21.29  0.69 -0.86 -5.35 10.42 18.52 -3.99 -5.09  2.20  9.74 -11.36 -0.92 -2.26 >
INFO: ngram_search_fwdtree.c(1553):     7209 words recognized (51/fr)
INFO: ngram_search_fwdtree.c(1555):   517624 senones evaluated (3645/fr)
INFO: ngram_search_fwdtree.c(1559):  2808230 channels searched (19776/fr), 95364 1st, 224747 last
INFO: ngram_search_fwdtree.c(1562):    12110 words for which last channels evaluated (85/fr)
INFO: ngram_search_fwdtree.c(1564):   193830 candidate words for entering last phone (1365/fr)
INFO: ngram_search_fwdtree.c(1567): fwdtree 1.21 CPU 0.852 xRT
INFO: ngram_search_fwdtree.c(1570): fwdtree 4.82 wall 3.397 xRT
INFO: ngram_search_fwdflat.c(302): Utterance vocabulary contains 341 words
INFO: ngram_search_fwdflat.c(948):     5654 words recognized (40/fr)
INFO: ngram_search_fwdflat.c(950):   203594 senones evaluated (1434/fr)
INFO: ngram_search_fwdflat.c(952):   521969 channels searched (3675/fr)
INFO: ngram_search_fwdflat.c(954):    27364 words searched (192/fr)
INFO: ngram_search_fwdflat.c(957):    15634 word transitions (110/fr)
INFO: ngram_search_fwdflat.c(960): fwdflat 0.26 CPU 0.186 xRT
INFO: ngram_search_fwdflat.c(963): fwdflat 0.53 wall 0.374 xRT
INFO: ngram_search.c(1253): lattice start node <s>.0 end node </s>.97
INFO: ngram_search.c(1279): Eliminated 1 nodes before end node
INFO: ngram_search.c(1384): Lattice has 662 nodes, 9237 links
INFO: ps_lattice.c(1380): Bestpath score: -5156
INFO: ps_lattice.c(1384): Normalizer P(O) = alpha(</s>:97:140) = -331219
INFO: ps_lattice.c(1441): Joint P(O,S) = -401287 P(S|O) = -70068
INFO: ngram_search.c(875): bestpath 0.07 CPU 0.051 xRT
INFO: ngram_search.c(878): bestpath 0.19 wall 0.134 xRT
INFO: pocketsphinx.c(1180): why do they (-5707)
word                 start end   pprob ascr       lscr       lback
INFO: ngram_search.c(1030): bestpath 0.00 CPU 0.000 xRT
INFO: ngram_search.c(1033): bestpath 0.00 wall 0.000 xRT
<s>                  1915  1924  0.999 -142336    0          1  
why(2)               1925  1950  0.106 -1111040   -368       2  
do                   1951  1979  0.024 -1310720   -145       3  
they                 1980  2011  0.973 -1395712   -159       3  
</s>                 2012  2055  1.000 -1395712   -212       3  
INFO: ngram_search.c(875): bestpath 0.00 CPU 0.000 xRT
INFO: ngram_search.c(878): bestpath 0.00 wall 0.000 xRT
INFO: cmn_live.c(88): Update from < 21.29  0.69 -0.86 -5.35 10.42 18.52 -3.99 -5.09  2.20  9.74 -11.36 -0.92 -2.26 >
INFO: cmn_live.c(105): Update to   < 22.64  1.90  0.18 -4.36 10.95 18.39 -4.01 -5.01  1.99  9.50 -10.48 -1.03 -2.74 >
INFO: cmn_live.c(120): Update from < 22.64  1.90  0.18 -4.36 10.95 18.39 -4.01 -5.01  1.99  9.50 -10.48 -1.03 -2.74 >
INFO: cmn_live.c(138): Update to   < 21.31  1.28  0.40 -5.15 10.75 18.71 -3.57 -4.98  2.11  8.97 -10.52 -1.13 -2.68 >
INFO: ngram_search_fwdtree.c(1553):     5060 words recognized (32/fr)
INFO: ngram_search_fwdtree.c(1555):   558348 senones evaluated (3534/fr)
INFO: ngram_search_fwdtree.c(1559):  3445208 channels searched (21805/fr), 109591 1st, 197594 last
INFO: ngram_search_fwdtree.c(1562):    10161 words for which last channels evaluated (64/fr)
INFO: ngram_search_fwdtree.c(1564):   336514 candidate words for entering last phone (2129/fr)
INFO: ngram_search_fwdtree.c(1567): fwdtree 1.69 CPU 1.071 xRT
INFO: ngram_search_fwdtree.c(1570): fwdtree 7.90 wall 5.000 xRT
INFO: ngram_search_fwdflat.c(302): Utterance vocabulary contains 245 words
INFO: ngram_search_fwdflat.c(948):     3351 words recognized (21/fr)
INFO: ngram_search_fwdflat.c(950):   175313 senones evaluated (1110/fr)
INFO: ngram_search_fwdflat.c(952):   340689 channels searched (2156/fr)
INFO: ngram_search_fwdflat.c(954):    16871 words searched (106/fr)
INFO: ngram_search_fwdflat.c(957):    11742 word transitions (74/fr)
INFO: ngram_search_fwdflat.c(960): fwdflat 0.18 CPU 0.114 xRT
INFO: ngram_search_fwdflat.c(963): fwdflat 0.37 wall 0.231 xRT
INFO: ngram_search.c(1253): lattice start node <s>.0 end node </s>.93
INFO: ngram_search.c(1279): Eliminated 1 nodes before end node
INFO: ngram_search.c(1384): Lattice has 604 nodes, 2822 links
INFO: ps_lattice.c(1380): Bestpath score: -4741
INFO: ps_lattice.c(1384): Normalizer P(O) = alpha(</s>:93:156) = -324186
INFO: ps_lattice.c(1441): Joint P(O,S) = -406373 P(S|O) = -82187
INFO: ngram_search.c(875): bestpath 0.01 CPU 0.008 xRT
INFO: ngram_search.c(878): bestpath 0.02 wall 0.015 xRT
INFO: pocketsphinx.c(1180): are you ready (-5575)
word                 start end   pprob ascr       lscr       lback
INFO: ngram_search.c(1030): bestpath 0.00 CPU 0.000 xRT
INFO: ngram_search.c(1033): bestpath 0.00 wall 0.000 xRT
<s>                  2470  2481  1.000 -244736    0          1  
are                  2482  2502  0.055 -856064    -386       2  
you                  2503  2532  0.489 -1146880   -42        3  
ready                2533  2562  0.028 -1343488   -306       3  
</s>                 2563  2626  1.000 -1343488   -111       3  
INFO: ngram_search.c(875): bestpath 0.00 CPU 0.000 xRT
INFO: ngram_search.c(878): bestpath 0.00 wall 0.000 xRT
INFO: cmn_live.c(120): Update from < 21.31  1.28  0.40 -5.15 10.75 18.71 -3.57 -4.98  2.11  8.97 -10.52 -1.13 -2.68 >
INFO: cmn_live.c(138): Update to   < 22.30  2.08  0.07 -4.75 10.08 18.57 -3.87 -6.07  0.90  9.10 -9.27 -1.52 -2.55 >
INFO: ngram_search_fwdtree.c(1553):     6743 words recognized (51/fr)
INFO: ngram_search_fwdtree.c(1555):   425541 senones evaluated (3248/fr)
INFO: ngram_search_fwdtree.c(1559):  1919028 channels searched (14649/fr), 82206 1st, 254189 last
INFO: ngram_search_fwdtree.c(1562):    12711 words for which last channels evaluated (97/fr)
INFO: ngram_search_fwdtree.c(1564):    89024 candidate words for entering last phone (679/fr)
INFO: ngram_search_fwdtree.c(1567): fwdtree 0.86 CPU 0.657 xRT
INFO: ngram_search_fwdtree.c(1570): fwdtree 6.43 wall 4.911 xRT
INFO: ngram_search_fwdflat.c(302): Utterance vocabulary contains 414 words
INFO: ngram_search_fwdflat.c(948):     4952 words recognized (38/fr)
INFO: ngram_search_fwdflat.c(950):   210109 senones evaluated (1604/fr)
INFO: ngram_search_fwdflat.c(952):   664097 channels searched (5069/fr)
INFO: ngram_search_fwdflat.c(954):    34187 words searched (260/fr)
INFO: ngram_search_fwdflat.c(957):    20853 word transitions (159/fr)
INFO: ngram_search_fwdflat.c(960): fwdflat 0.33 CPU 0.249 xRT
INFO: ngram_search_fwdflat.c(963): fwdflat 0.69 wall 0.528 xRT
INFO: ngram_search.c(1253): lattice start node <s>.0 end node </s>.91
INFO: ngram_search.c(1279): Eliminated 2 nodes before end node
INFO: ngram_search.c(1384): Lattice has 706 nodes, 12965 links
INFO: ps_lattice.c(1380): Bestpath score: -4605
INFO: ps_lattice.c(1384): Normalizer P(O) = alpha(</s>:91:129) = -248412
INFO: ps_lattice.c(1441): Joint P(O,S) = -302821 P(S|O) = -54409
INFO: ngram_search.c(875): bestpath 0.09 CPU 0.068 xRT
INFO: ngram_search.c(878): bestpath 0.18 wall 0.138 xRT
INFO: pocketsphinx.c(1180): a problem (-4873)
word                 start end   pprob ascr       lscr       lback
INFO: ngram_search.c(1030): bestpath 0.00 CPU 0.000 xRT
INFO: ngram_search.c(1033): bestpath 0.00 wall 0.000 xRT
<s>                  3103  3112  0.999 -138240    0          1  
a(2)                 3113  3139  0.564 -653312    -295       2  
problem              3140  3193  0.021 -2683904   -436       3  
</s>                 3194  3232  1.000 -2683904   -98        3  
INFO: ngram_search.c(875): bestpath 0.00 CPU 0.000 xRT
INFO: ngram_search.c(878): bestpath 0.00 wall 0.000 xRT
INFO: cmn_live.c(88): Update from < 22.30  2.08  0.07 -4.75 10.08 18.57 -3.87 -6.07  0.90  9.10 -9.27 -1.52 -2.55 >
INFO: cmn_live.c(105): Update to   < 21.90  1.16 -0.17 -4.85  9.97 18.42 -4.22 -6.36  0.85  8.92 -9.10 -1.35 -2.38 >
INFO: cmn_live.c(120): Update from < 21.90  1.16 -0.17 -4.85  9.97 18.42 -4.22 -6.36  0.85  8.92 -9.10 -1.35 -2.38 >
INFO: cmn_live.c(138): Update to   < 21.90  1.16 -0.17 -4.85  9.97 18.42 -4.22 -6.36  0.85  8.92 -9.10 -1.35 -2.38 >
INFO: ngram_search_fwdtree.c(1553):     1939 words recognized (18/fr)
INFO: ngram_search_fwdtree.c(1555):   310194 senones evaluated (2926/fr)
INFO: ngram_search_fwdtree.c(1559):  1109760 channels searched (10469/fr), 70059 1st, 69181 last
INFO: ngram_search_fwdtree.c(1562):     3999 words for which last channels evaluated (37/fr)
INFO: ngram_search_fwdtree.c(1564):    58735 candidate words for entering last phone (554/fr)
INFO: ngram_search_fwdtree.c(1567): fwdtree 0.52 CPU 0.492 xRT
INFO: ngram_search_fwdtree.c(1570): fwdtree 3.83 wall 3.616 xRT
INFO: ngram_search_fwdflat.c(302): Utterance vocabulary contains 96 words
INFO: ngram_search_fwdflat.c(948):     1429 words recognized (13/fr)
INFO: ngram_search_fwdflat.c(950):    91788 senones evaluated (866/fr)
INFO: ngram_search_fwdflat.c(952):   131473 channels searched (1240/fr)
INFO: ngram_search_fwdflat.c(954):     6972 words searched (65/fr)
INFO: ngram_search_fwdflat.c(957):     4616 word transitions (43/fr)
INFO: ngram_search_fwdflat.c(960): fwdflat 0.07 CPU 0.065 xRT
INFO: ngram_search_fwdflat.c(963): fwdflat 0.13 wall 0.127 xRT
INFO: ngram_search.c(1253): lattice start node <s>.0 end node </s>.61
INFO: ngram_search.c(1279): Eliminated 1 nodes before end node
INFO: ngram_search.c(1384): Lattice has 318 nodes, 1624 links
INFO: ps_lattice.c(1380): Bestpath score: -3035
INFO: ps_lattice.c(1384): Normalizer P(O) = alpha(</s>:61:104) = -174013
INFO: ps_lattice.c(1441): Joint P(O,S) = -203413 P(S|O) = -29400
INFO: ngram_search.c(875): bestpath 0.01 CPU 0.006 xRT
INFO: ngram_search.c(878): bestpath 0.03 wall 0.025 xRT
INFO: pocketsphinx.c(1180): what (-3173)
word                 start end   pprob ascr       lscr       lback
INFO: ngram_search.c(1030): bestpath 0.00 CPU 0.000 xRT
INFO: ngram_search.c(1033): bestpath 0.00 wall 0.000 xRT
<s>                  3480  3492  1.000 -346112    0          1  
what(2)              3493  3540  0.448 -1983488   -290       2  
</s>                 3541  3584  1.000 -1983488   -231       3  
INFO: ngram_search.c(875): bestpath 0.00 CPU 0.000 xRT
INFO: ngram_search.c(878): bestpath 0.00 wall 0.000 xRT
INFO: cmn_live.c(120): Update from < 21.90  1.16 -0.17 -4.85  9.97 18.42 -4.22 -6.36  0.85  8.92 -9.10 -1.35 -2.38 >
INFO: cmn_live.c(138): Update to   < 22.61  1.97 -0.23 -5.30  9.99 18.94 -4.25 -6.97  0.51  9.19 -8.72 -1.17 -1.91 >
INFO: ngram_search_fwdtree.c(1553):     5204 words recognized (33/fr)
INFO: ngram_search_fwdtree.c(1555):   539807 senones evaluated (3374/fr)
INFO: ngram_search_fwdtree.c(1559):  1970997 channels searched (12318/fr), 97209 1st, 164334 last
INFO: ngram_search_fwdtree.c(1562):     8800 words for which last channels evaluated (55/fr)
INFO: ngram_search_fwdtree.c(1564):    94023 candidate words for entering last phone (587/fr)
INFO: ngram_search_fwdtree.c(1567): fwdtree 0.92 CPU 0.574 xRT
INFO: ngram_search_fwdtree.c(1570): fwdtree 6.07 wall 3.793 xRT
INFO: ngram_search_fwdflat.c(302): Utterance vocabulary contains 240 words
INFO: ngram_search_fwdflat.c(948):     3898 words recognized (24/fr)
INFO: ngram_search_fwdflat.c(950):   186691 senones evaluated (1167/fr)
INFO: ngram_search_fwdflat.c(952):   350838 channels searched (2192/fr)
INFO: ngram_search_fwdflat.c(954):    18851 words searched (117/fr)
INFO: ngram_search_fwdflat.c(957):    12278 word transitions (76/fr)
INFO: ngram_search_fwdflat.c(960): fwdflat 0.20 CPU 0.126 xRT
INFO: ngram_search_fwdflat.c(963): fwdflat 0.40 wall 0.251 xRT
INFO: ngram_search.c(1253): lattice start node <s>.0 end node </s>.116
INFO: ngram_search.c(1279): Eliminated 1 nodes before end node
INFO: ngram_search.c(1384): Lattice has 552 nodes, 7744 links
INFO: ps_lattice.c(1380): Bestpath score: -6344
INFO: ps_lattice.c(1384): Normalizer P(O) = alpha(</s>:116:158) = -329390
INFO: ps_lattice.c(1441): Joint P(O,S) = -420702 P(S|O) = -91312
INFO: ngram_search.c(875): bestpath 0.05 CPU 0.029 xRT
INFO: ngram_search.c(878): bestpath 0.10 wall 0.061 xRT
INFO: pocketsphinx.c(1180): what's going on (-6579)
word                 start end   pprob ascr       lscr       lback
INFO: ngram_search.c(1030): bestpath 0.00 CPU 0.000 xRT
INFO: ngram_search.c(1033): bestpath 0.00 wall 0.000 xRT
<s>                  3965  3975  1.000 -160768    0          1  
what's(2)            3976  4027  0.036 -2804736   -411       2  
going(2)             4028  4064  0.321 -1573888   -211       3  
on(2)                4065  4080  0.024 -856064    -18        3  
</s>                 4081  4123  1.000 -856064    -97        3  
INFO: ngram_search.c(875): bestpath 0.00 CPU 0.000 xRT
INFO: ngram_search.c(878): bestpath 0.00 wall 0.000 xRT
INFO: cmn_live.c(120): Update from < 22.61  1.97 -0.23 -5.30  9.99 18.94 -4.25 -6.97  0.51  9.19 -8.72 -1.17 -1.91 >
INFO: cmn_live.c(138): Update to   < 21.15  0.77 -1.07 -5.53  9.83 18.97 -3.95 -6.44  0.45  9.15 -8.61 -0.74 -1.68 >
INFO: ngram_search_fwdtree.c(1553):      682 words recognized (10/fr)
INFO: ngram_search_fwdtree.c(1555):   227850 senones evaluated (3255/fr)
INFO: ngram_search_fwdtree.c(1559):   870930 channels searched (12441/fr), 47718 1st, 20029 last
INFO: ngram_search_fwdtree.c(1562):     1778 words for which last channels evaluated (25/fr)
INFO: ngram_search_fwdtree.c(1564):    37692 candidate words for entering last phone (538/fr)
INFO: ngram_search_fwdtree.c(1567): fwdtree 0.42 CPU 0.604 xRT
INFO: ngram_search_fwdtree.c(1570): fwdtree 2.26 wall 3.235 xRT
INFO: ngram_search_fwdflat.c(302): Utterance vocabulary contains 11 words
INFO: ngram_search_fwdflat.c(948):      414 words recognized (6/fr)
INFO: ngram_search_fwdflat.c(950):    13161 senones evaluated (188/fr)
INFO: ngram_search_fwdflat.c(952):     8251 channels searched (117/fr)
INFO: ngram_search_fwdflat.c(954):      776 words searched (11/fr)
INFO: ngram_search_fwdflat.c(957):      412 word transitions (5/fr)
INFO: ngram_search_fwdflat.c(960): fwdflat 0.02 CPU 0.026 xRT
INFO: ngram_search_fwdflat.c(963): fwdflat 0.08 wall 0.110 xRT
INFO: ngram_search.c(1253): lattice start node <s>.0 end node </s>.27
INFO: ngram_search.c(1279): Eliminated 2 nodes before end node
INFO: ngram_search.c(1384): Lattice has 118 nodes, 153 links
INFO: ps_lattice.c(1380): Bestpath score: -1205
INFO: ps_lattice.c(1384): Normalizer P(O) = alpha(</s>:27:68) = -73789
INFO: ps_lattice.c(1441): Joint P(O,S) = -88859 P(S|O) = -15070
INFO: ngram_search.c(875): bestpath 0.00 CPU 0.000 xRT
INFO: ngram_search.c(878): bestpath 0.00 wall 0.000 xRT
INFO: pocketsphinx.c(1180):  (-1162)
word                 start end   pprob ascr       lscr       lback
INFO: ngram_search.c(1030): bestpath 0.00 CPU 0.000 xRT
INFO: ngram_search.c(1033): bestpath 0.00 wall 0.000 xRT
<s>                  4210  4236  1.000 -689152    0          1  
</s>                 4237  4278  1.000 -689152    -364       1  
INFO: ngram_search.c(875): bestpath 0.00 CPU 0.000 xRT
INFO: ngram_search.c(878): bestpath 0.00 wall 0.000 xRT
INFO: cmn_live.c(88): Update from < 21.15  0.77 -1.07 -5.53  9.83 18.97 -3.95 -6.44  0.45  9.15 -8.61 -0.74 -1.68 >
INFO: cmn_live.c(105): Update to   < 21.68  0.80 -0.24 -4.42 10.55 18.75 -3.19 -6.51  0.25  8.67 -8.48 -0.66 -1.31 >
INFO: cmn_live.c(120): Update from < 21.68  0.80 -0.24 -4.42 10.55 18.75 -3.19 -6.51  0.25  8.67 -8.48 -0.66 -1.31 >
INFO: cmn_live.c(138): Update to   < 20.77 -1.02  0.49 -4.94 11.29 18.58 -3.38 -6.28  0.39  7.86 -8.21 -0.58 -0.63 >
INFO: ngram_search_fwdtree.c(1553):     2792 words recognized (21/fr)
INFO: ngram_search_fwdtree.c(1555):   247522 senones evaluated (1820/fr)
INFO: ngram_search_fwdtree.c(1559):   660809 channels searched (4858/fr), 50425 1st, 98263 last
INFO: ngram_search_fwdtree.c(1562):     5466 words for which last channels evaluated (40/fr)
INFO: ngram_search_fwdtree.c(1564):    30595 candidate words for entering last phone (224/fr)
INFO: ngram_search_fwdtree.c(1567): fwdtree 0.38 CPU 0.279 xRT
INFO: ngram_search_fwdtree.c(1570): fwdtree 6.95 wall 5.108 xRT
INFO: ngram_search_fwdflat.c(302): Utterance vocabulary contains 134 words
INFO: ngram_search_fwdflat.c(948):     1973 words recognized (15/fr)
INFO: ngram_search_fwdflat.c(950):   106731 senones evaluated (785/fr)
INFO: ngram_search_fwdflat.c(952):   162118 channels searched (1192/fr)
INFO: ngram_search_fwdflat.c(954):     8920 words searched (65/fr)
INFO: ngram_search_fwdflat.c(957):     5090 word transitions (37/fr)
INFO: ngram_search_fwdflat.c(960): fwdflat 0.10 CPU 0.075 xRT
INFO: ngram_search_fwdflat.c(963): fwdflat 0.22 wall 0.161 xRT
INFO: ngram_search.c(1253): lattice start node <s>.0 end node </s>.93
INFO: ngram_search.c(1279): Eliminated 2 nodes before end node
INFO: ngram_search.c(1384): Lattice has 327 nodes, 1673 links
INFO: ps_lattice.c(1380): Bestpath score: -4437
INFO: ps_lattice.c(1384): Normalizer P(O) = alpha(</s>:93:134) = -232493
INFO: ps_lattice.c(1441): Joint P(O,S) = -268282 P(S|O) = -35789
INFO: ngram_search.c(875): bestpath 0.01 CPU 0.004 xRT
INFO: ngram_search.c(878): bestpath 0.01 wall 0.010 xRT
INFO: pocketsphinx.c(1180): please (-4471)
word                 start end   pprob ascr       lscr       lback
INFO: ngram_search.c(1030): bestpath 0.00 CPU 0.000 xRT
INFO: ngram_search.c(1033): bestpath 0.00 wall 0.000 xRT
<s>                  4940  4948  1.000 -123904    0          1  
please               4949  5032  0.135 -3516416   -441       2  
</s>                 5033  5074  1.000 -3516416   -163       3  
INFO: ngram_search.c(875): bestpath 0.00 CPU 0.000 xRT
INFO: ngram_search.c(878): bestpath 0.00 wall 0.000 xRT
INFO: cmn_live.c(120): Update from < 20.77 -1.02  0.49 -4.94 11.29 18.58 -3.38 -6.28  0.39  7.86 -8.21 -0.58 -0.63 >
INFO: cmn_live.c(138): Update to   < 20.63 -1.92  2.14 -3.55 12.33 18.03 -2.37 -6.81 -0.09  6.66 -8.26 -0.51 -0.20 >
INFO: ngram_search_fwdtree.c(1553):     1702 words recognized (13/fr)
INFO: ngram_search_fwdtree.c(1555):   398639 senones evaluated (2953/fr)
INFO: ngram_search_fwdtree.c(1559):  1964469 channels searched (14551/fr), 76601 1st, 75527 last
INFO: ngram_search_fwdtree.c(1562):     4152 words for which last channels evaluated (30/fr)
INFO: ngram_search_fwdtree.c(1564):   130588 candidate words for entering last phone (967/fr)
INFO: ngram_search_fwdtree.c(1567): fwdtree 0.91 CPU 0.672 xRT
INFO: ngram_search_fwdtree.c(1570): fwdtree 5.71 wall 4.233 xRT
INFO: ngram_search_fwdflat.c(302): Utterance vocabulary contains 57 words
INFO: ngram_search_fwdflat.c(948):     1031 words recognized (8/fr)
INFO: ngram_search_fwdflat.c(950):    62811 senones evaluated (465/fr)
INFO: ngram_search_fwdflat.c(952):    88009 channels searched (651/fr)
INFO: ngram_search_fwdflat.c(954):     4632 words searched (34/fr)
INFO: ngram_search_fwdflat.c(957):     2650 word transitions (19/fr)
INFO: ngram_search_fwdflat.c(960): fwdflat 0.05 CPU 0.040 xRT
INFO: ngram_search_fwdflat.c(963): fwdflat 0.11 wall 0.080 xRT
INFO: ngram_search.c(1253): lattice start node <s>.0 end node </s>.78
INFO: ngram_search.c(1279): Eliminated 1 nodes before end node
INFO: ngram_search.c(1384): Lattice has 216 nodes, 57 links
INFO: ps_lattice.c(1380): Bestpath score: -2210
INFO: ps_lattice.c(1384): Normalizer P(O) = alpha(</s>:78:133) = -193998
INFO: ps_lattice.c(1441): Joint P(O,S) = -205767 P(S|O) = -11769
INFO: ngram_search.c(875): bestpath 0.00 CPU 0.000 xRT
INFO: ngram_search.c(878): bestpath 0.00 wall 0.000 xRT
INFO: pocketsphinx.c(1180): please (-3250)
word                 start end   pprob ascr       lscr       lback
INFO: ngram_search.c(1030): bestpath 0.00 CPU 0.000 xRT
INFO: ngram_search.c(1033): bestpath 0.00 wall 0.000 xRT
<s>                  5433  5443  1.000 -178176    0          1  
please               5444  5510  1.000 -1181696   -441       2  
</s>                 5511  5566  1.000 -1181696   -163       3  
INFO: ngram_search.c(875): bestpath 0.00 CPU 0.000 xRT
INFO: ngram_search.c(878): bestpath 0.00 wall 0.000 xRT
INFO: cmn_live.c(88): Update from < 20.63 -1.92  2.14 -3.55 12.33 18.03 -2.37 -6.81 -0.09  6.66 -8.26 -0.51 -0.20 >
INFO: cmn_live.c(105): Update to   < 19.00 -3.24  1.48 -4.20 11.76 18.20 -2.06 -6.03  0.27  6.65 -8.44 -0.12 -0.19 >
INFO: cmn_live.c(120): Update from < 19.00 -3.24  1.48 -4.20 11.76 18.20 -2.06 -6.03  0.27  6.65 -8.44 -0.12 -0.19 >
INFO: cmn_live.c(138): Update to   < 19.00 -3.24  1.48 -4.20 11.76 18.20 -2.06 -6.03  0.27  6.65 -8.44 -0.12 -0.19 >
INFO: ngram_search_fwdtree.c(1553):      750 words recognized (8/fr)
INFO: ngram_search_fwdtree.c(1555):   298066 senones evaluated (3138/fr)
INFO: ngram_search_fwdtree.c(1559):   812124 channels searched (8548/fr), 65793 1st, 14736 last
INFO: ngram_search_fwdtree.c(1562):     1505 words for which last channels evaluated (15/fr)
INFO: ngram_search_fwdtree.c(1564):    26929 candidate words for entering last phone (283/fr)
INFO: ngram_search_fwdtree.c(1567): fwdtree 0.40 CPU 0.423 xRT
INFO: ngram_search_fwdtree.c(1570): fwdtree 3.49 wall 3.672 xRT
INFO: ngram_search_fwdflat.c(302): Utterance vocabulary contains 8 words
INFO: ngram_search_fwdflat.c(948):      485 words recognized (5/fr)
INFO: ngram_search_fwdflat.c(950):    18059 senones evaluated (190/fr)
INFO: ngram_search_fwdflat.c(952):    11276 channels searched (118/fr)
INFO: ngram_search_fwdflat.c(954):      868 words searched (9/fr)
INFO: ngram_search_fwdflat.c(957):      393 word transitions (4/fr)
INFO: ngram_search_fwdflat.c(960): fwdflat 0.03 CPU 0.026 xRT
INFO: ngram_search_fwdflat.c(963): fwdflat 0.05 wall 0.054 xRT
INFO: ngram_search.c(1253): lattice start node <s>.0 end node </s>.46
INFO: ngram_search.c(1279): Eliminated 2 nodes before end 